========================================
MEMORY MONITORING LOG
========================================
DuckDB Path: ./duckdb_origin
Query File: lsqb/q1.sql
Database File: lsqb_db
Start Time: Thu Oct 16 12:44:18 UTC 2025
========================================

Starting DuckDB process...
DuckDB PID: 782573
Memory monitoring started at: Thu Oct 16 12:44:18 UTC 2025
Memory CSV file: log/memory_duckdb_origin_lsqb_q1_20251016_124418_memory.csv
No timeout - will run until completion
----------------------------------------
New Peak RSS: 22504 KB at 0s
New Peak VSZ: 67212 KB at 0s
New Peak RSS: 1943288 KB at 0s
New Peak VSZ: 7792048 KB at 0s
New Peak CPU: 429% at 0s
New Peak RSS: 4267980 KB at 1s
New Peak VSZ: 10358328 KB at 1s
New Peak CPU: 964% at 1s
New Peak RSS: 5905552 KB at 1s
New Peak VSZ: 12283580 KB at 1s
New Peak RSS: 6881360 KB at 2s
New Peak VSZ: 13651912 KB at 2s
New Peak RSS: 7946724 KB at 3s
New Peak VSZ: 14471796 KB at 3s
New Peak RSS: 12156876 KB at 3s
New Peak VSZ: 21992700 KB at 3s
New Peak RSS: 13517324 KB at 4s
New Peak VSZ: 22238460 KB at 4s
New Peak CPU: 2112% at 4s
New Peak RSS: 13573196 KB at 4s
New Peak VSZ: 22287612 KB at 4s
New Peak CPU: 2495% at 4s
New Peak RSS: 13631068 KB at 5s
New Peak CPU: 2752% at 5s
New Peak RSS: 13691520 KB at 6s
New Peak VSZ: 22336764 KB at 6s
New Peak CPU: 3410% at 6s
New Peak RSS: 13752756 KB at 6s
New Peak CPU: 3495% at 6s
New Peak RSS: 13812932 KB at 7s
New Peak CPU: 4097% at 7s
New Peak RSS: 13867448 KB at 7s
New Peak RSS: 13922644 KB at 8s
New Peak CPU: 4604% at 8s
New Peak RSS: 13945780 KB at 8s

========================================
FINAL RESULTS
========================================
DuckDB: duckdb_origin
Query: lsqb/q1.sql
Database: lsqb_db
End Time: Thu Oct 16 12:44:27 UTC 2025
Execution time: 9s
Exit code: 0
Peak RSS (Physical Memory): 13618.93 MB
Peak VSZ (Virtual Memory): 21813.25 MB
Peak CPU Usage: 4604%
Average RSS: 9559.53 MB
Average VSZ: 17451.09 MB
Total samples collected: 17
Memory CSV file: log/memory_duckdb_origin_lsqb_q1_20251016_124418_memory.csv
========================================
