========================================
QUERY SUMMARY LOG
========================================
Query File: lsqb/q6.sql
Database File: lsqb_db
Summary started at: Thu Oct 16 12:45:33 UTC 2025
========================================

Testing with DuckDB: ./duckdb_origin
Results for ./duckdb_origin:
  Execution time: 31s
  Exit code: 0
  Peak RSS: 1045.89 MB
  Peak VSZ: 6715.83 MB
  Peak CPU: 8606%
  Average RSS: 1014.15 MB
  Log file: log/memory_duckdb_origin_lsqb_q6_20251016_124533.log
  Memory CSV: log/memory_duckdb_origin_lsqb_q6_20251016_124533_memory.csv

✅ Success

Testing with DuckDB: ./duckdb_RPT
Results for ./duckdb_RPT:
  Execution time: 30s
  Exit code: 0
  Peak RSS: 1041.86 MB
  Peak VSZ: 6709.90 MB
  Peak CPU: 9319%
  Average RSS: 990.77 MB
  Log file: log/memory_duckdb_RPT_lsqb_q6_20251016_124604.log
  Memory CSV: log/memory_duckdb_RPT_lsqb_q6_20251016_124604_memory.csv

✅ Success

Testing with DuckDB: ./duckdb_YanPlus
Results for ./duckdb_YanPlus:
  Execution time: 3s
  Exit code: 0
  Peak RSS: 853.64 MB
  Peak VSZ: 6451.13 MB
  Peak CPU: 8347%
  Average RSS: 616.28 MB
  Log file: log/memory_duckdb_YanPlus_lsqb_q6_20251016_124634.log
  Memory CSV: log/memory_duckdb_YanPlus_lsqb_q6_20251016_124634_memory.csv

✅ Success

Query Summary for lsqb/q6.sql:
  Successful tests: 3
  Failed/Skipped tests: 0
  Summary CSV saved to: log/summary_lsqb_q6_20251016_124533.csv
  Summary log saved to: log/summary_lsqb_q6_20251016_124533.log

Summary completed at: Thu Oct 16 12:46:37 UTC 2025
=======================================
