========================================
QUERY SUMMARY LOG
========================================
Query File: job_agg/3a.sql
Database File: job_db
Summary started at: Thu Oct 16 12:28:36 UTC 2025
========================================

Testing with DuckDB: ./duckdb_origin
Results for ./duckdb_origin:
  Execution time: 119s
  Exit code: 0
  Peak RSS: 53334.78 MB
  Peak VSZ: 67598.41 MB
  Peak CPU: 3028%
  Average RSS: 33569.83 MB
  Log file: log/memory_duckdb_origin_job_agg_3a_20251016_122836.log
  Memory CSV: log/memory_duckdb_origin_job_agg_3a_20251016_122836_memory.csv

✅ Success

Testing with DuckDB: ./duckdb_RPT
Results for ./duckdb_RPT:
  Execution time: 116s
  Exit code: 0
  Peak RSS: 53654.52 MB
  Peak VSZ: 65413.86 MB
  Peak CPU: 2959%
  Average RSS: 35962.03 MB
  Log file: log/memory_duckdb_RPT_job_agg_3a_20251016_123035.log
  Memory CSV: log/memory_duckdb_RPT_job_agg_3a_20251016_123035_memory.csv

✅ Success

Testing with DuckDB: ./duckdb_YanPlus
Results for ./duckdb_YanPlus:
  Execution time: 112s
  Exit code: 0
  Peak RSS: 53114.23 MB
  Peak VSZ: 64894.33 MB
  Peak CPU: 2527%
  Average RSS: 33402.24 MB
  Log file: log/memory_duckdb_YanPlus_job_agg_3a_20251016_123231.log
  Memory CSV: log/memory_duckdb_YanPlus_job_agg_3a_20251016_123231_memory.csv

✅ Success

Query Summary for job_agg/3a.sql:
  Successful tests: 3
  Failed/Skipped tests: 0
  Summary CSV saved to: log/summary_job_agg_3a_20251016_122836.csv
  Summary log saved to: log/summary_job_agg_3a_20251016_122836.log

Summary completed at: Thu Oct 16 12:34:23 UTC 2025
=======================================
