========================================
QUERY SUMMARY LOG
========================================
Query File: tpch/10.sql
Database File: tpch_db
Summary started at: Thu Oct 16 12:22:14 UTC 2025
========================================

Testing with DuckDB: ./duckdb_origin
Results for ./duckdb_origin:
  Execution time: 6s
  Exit code: 0
  Peak RSS: 10719.71 MB
  Peak VSZ: 17870.65 MB
  Peak CPU: 3709%
  Average RSS: 4946.49 MB
  Log file: log/memory_duckdb_origin_tpch_10_20251016_122214.log
  Memory CSV: log/memory_duckdb_origin_tpch_10_20251016_122214_memory.csv

✅ Success

Testing with DuckDB: ./duckdb_RPT
Results for ./duckdb_RPT:
  Execution time: 6s
  Exit code: 0
  Peak RSS: 11326.68 MB
  Peak VSZ: 19355.74 MB
  Peak CPU: 5484%
  Average RSS: 5598.81 MB
  Log file: log/memory_duckdb_RPT_tpch_10_20251016_122220.log
  Memory CSV: log/memory_duckdb_RPT_tpch_10_20251016_122220_memory.csv

✅ Success

Testing with DuckDB: ./duckdb_YanPlus
Results for ./duckdb_YanPlus:
  Execution time: 7s
  Exit code: 0
  Peak RSS: 10289.93 MB
  Peak VSZ: 17170.18 MB
  Peak CPU: 3438%
  Average RSS: 5368.29 MB
  Log file: log/memory_duckdb_YanPlus_tpch_10_20251016_122226.log
  Memory CSV: log/memory_duckdb_YanPlus_tpch_10_20251016_122226_memory.csv

✅ Success

Query Summary for tpch/10.sql:
  Successful tests: 3
  Failed/Skipped tests: 0
  Summary CSV saved to: log/summary_tpch_10_20251016_122214.csv
  Summary log saved to: log/summary_tpch_10_20251016_122214.log

Summary completed at: Thu Oct 16 12:22:33 UTC 2025
=======================================
