========================================
QUERY SUMMARY LOG
========================================
Query File: graph/q6.sql
Database File: graph_db
Summary started at: Thu Oct 16 12:42:13 UTC 2025
========================================

Testing with DuckDB: ./duckdb_origin
Results for ./duckdb_origin:
  Execution time: 64s
  Exit code: 0
  Peak RSS: 580.50 MB
  Peak VSZ: 5925.46 MB
  Peak CPU: 651%
  Average RSS: 447.78 MB
  Log file: log/memory_duckdb_origin_graph_q6_20251016_124213.log
  Memory CSV: log/memory_duckdb_origin_graph_q6_20251016_124213_memory.csv

✅ Success

Testing with DuckDB: ./duckdb_RPT
Results for ./duckdb_RPT:
  Execution time: 58s
  Exit code: 0
  Peak RSS: 576.69 MB
  Peak VSZ: 5897.56 MB
  Peak CPU: 422%
  Average RSS: 446.91 MB
  Log file: log/memory_duckdb_RPT_graph_q6_20251016_124318.log
  Memory CSV: log/memory_duckdb_RPT_graph_q6_20251016_124318_memory.csv

✅ Success

Testing with DuckDB: ./duckdb_YanPlus
Results for ./duckdb_YanPlus:
  Execution time: 2s
  Exit code: 0
  Peak RSS: 202.16 MB
  Peak VSZ: 4837.50 MB
  Peak CPU: 203%
  Average RSS: 109.10 MB
  Log file: log/memory_duckdb_YanPlus_graph_q6_20251016_124416.log
  Memory CSV: log/memory_duckdb_YanPlus_graph_q6_20251016_124416_memory.csv

✅ Success

Query Summary for graph/q6.sql:
  Successful tests: 3
  Failed/Skipped tests: 0
  Summary CSV saved to: log/summary_graph_q6_20251016_124213.csv
  Summary log saved to: log/summary_graph_q6_20251016_124213.log

Summary completed at: Thu Oct 16 12:44:18 UTC 2025
=======================================
