========================================
QUERY SUMMARY LOG
========================================
Query File: dsb_agg/query100.sql
Database File: dsb_db
Summary started at: Thu Oct 16 12:44:38 UTC 2025
========================================

Testing with DuckDB: ./duckdb_origin
Results for ./duckdb_origin:
  Execution time: 51s
  Exit code: 0
  Peak RSS: 36970.11 MB
  Peak VSZ: 72978.16 MB
  Peak CPU: 2910%
  Average RSS: 18541.20 MB
  Log file: log/memory_duckdb_origin_dsb_agg_query100_20251016_124438.log
  Memory CSV: log/memory_duckdb_origin_dsb_agg_query100_20251016_124438_memory.csv

✅ Success

Testing with DuckDB: ./duckdb_RPT
Results for ./duckdb_RPT:
  Execution time: 1s
  Exit code: 0
  Peak RSS: 2949.21 MB
  Peak VSZ: 9878.60 MB
  Peak CPU: 2567%
  Average RSS: 1700.87 MB
  Log file: log/memory_duckdb_RPT_dsb_agg_query100_20251016_124529.log
  Memory CSV: log/memory_duckdb_RPT_dsb_agg_query100_20251016_124529_memory.csv

✅ Success

Testing with DuckDB: ./duckdb_YanPlus
Results for ./duckdb_YanPlus:
  Execution time: 2s
  Exit code: 0
  Peak RSS: 4003.18 MB
  Peak VSZ: 10210.46 MB
  Peak CPU: 2081%
  Average RSS: 1703.13 MB
  Log file: log/memory_duckdb_YanPlus_dsb_agg_query100_20251016_124531.log
  Memory CSV: log/memory_duckdb_YanPlus_dsb_agg_query100_20251016_124531_memory.csv

✅ Success

Query Summary for dsb_agg/query100.sql:
  Successful tests: 3
  Failed/Skipped tests: 0
  Summary CSV saved to: log/summary_dsb_agg_query100_20251016_124438.csv
  Summary log saved to: log/summary_dsb_agg_query100_20251016_124438.log

Summary completed at: Thu Oct 16 12:45:33 UTC 2025
=======================================
