========================================
QUERY SUMMARY LOG
========================================
Query File: graph/q1.sql
Database File: graph_db
Summary started at: Thu Oct 16 12:34:23 UTC 2025
========================================

Testing with DuckDB: ./duckdb_origin
Results for ./duckdb_origin:
  Execution time: 137s
  Exit code: 0
  Peak RSS: 63799.48 MB
  Peak VSZ: 144198.59 MB
  Peak CPU: 523%
  Average RSS: 58515.59 MB
  Log file: log/memory_duckdb_origin_graph_q1_20251016_123423.log
  Memory CSV: log/memory_duckdb_origin_graph_q1_20251016_123423_memory.csv

✅ Success

Testing with DuckDB: ./duckdb_RPT
Results for ./duckdb_RPT:
  Execution time: 167s
  Exit code: 0
  Peak RSS: 64515.77 MB
  Peak VSZ: 148258.08 MB
  Peak CPU: 6623%
  Average RSS: 58690.35 MB
  Log file: log/memory_duckdb_RPT_graph_q1_20251016_123640.log
  Memory CSV: log/memory_duckdb_RPT_graph_q1_20251016_123640_memory.csv

✅ Success

Testing with DuckDB: ./duckdb_YanPlus
Results for ./duckdb_YanPlus:
  Execution time: 166s
  Exit code: 0
  Peak RSS: 64523.47 MB
  Peak VSZ: 148318.31 MB
  Peak CPU: 3661%
  Average RSS: 57215.14 MB
  Log file: log/memory_duckdb_YanPlus_graph_q1_20251016_123927.log
  Memory CSV: log/memory_duckdb_YanPlus_graph_q1_20251016_123927_memory.csv

✅ Success

Query Summary for graph/q1.sql:
  Successful tests: 3
  Failed/Skipped tests: 0
  Summary CSV saved to: log/summary_graph_q1_20251016_123423.csv
  Summary log saved to: log/summary_graph_q1_20251016_123423.log

Summary completed at: Thu Oct 16 12:42:13 UTC 2025
=======================================
